生成启动时间为 2017/3/30 14:15:30。
     1>项目“E:\KC的备份\A-学习\大三第二学期\计算机视觉与模式识别\homework\EX5\code\EX5\EX5\EX5.vcxproj”在节点 2 上(Build 个目标)。
     1>ClCompile:
         D:\Program Files (x86)\Microsoft Visual Studio 12.0\VC\bin\CL.exe /c /ZI /nologo /W3 /WX- /sdl /Od /Oy- /D WIN32 /D _DEBUG /D _CONSOLE /D _LIB /D _UNICODE /D UNICODE /Gm /EHsc /RTC1 /MDd /GS /fp:precise /Zc:wchar_t /Zc:forScope /Yu"stdafx.h" /Fp"Debug\EX5.pch" /Fo"Debug\\" /Fd"Debug\vc120.pdb" /Gd /TP /analyze- /errorReport:prompt EX5.cpp
         EX5.cpp
     1>e:\kc的备份\a-学习\大三第二学期\计算机视觉与模式识别\homework\ex5\code\ex5\ex5\noiseremoval.h(9): warning C4244: “=”: 从“double”转换到“float”，可能丢失数据
     1>e:\kc的备份\a-学习\大三第二学期\计算机视觉与模式识别\homework\ex5\code\ex5\ex5\warping.h(20): warning C4244: “初始化”: 从“double”转换到“float”，可能丢失数据
     1>e:\kc的备份\a-学习\大三第二学期\计算机视觉与模式识别\homework\ex5\code\ex5\ex5\warping.h(25): warning C4244: “初始化”: 从“double”转换到“int”，可能丢失数据
     1>e:\kc的备份\a-学习\大三第二学期\计算机视觉与模式识别\homework\ex5\code\ex5\ex5\warping.h(30): warning C4018: “<”: 有符号/无符号不匹配
     1>e:\kc的备份\a-学习\大三第二学期\计算机视觉与模式识别\homework\ex5\code\ex5\ex5\warping.h(48): warning C4244: “初始化”: 从“double”转换到“int”，可能丢失数据
     1>e:\kc的备份\a-学习\大三第二学期\计算机视觉与模式识别\homework\ex5\code\ex5\ex5\warping.h(53): warning C4018: “<”: 有符号/无符号不匹配
     1>e:\kc的备份\a-学习\大三第二学期\计算机视觉与模式识别\homework\ex5\code\ex5\ex5\warping.h(218): warning C4244: “初始化”: 从“double”转换到“int”，可能丢失数据
     1>e:\kc的备份\a-学习\大三第二学期\计算机视觉与模式识别\homework\ex5\code\ex5\ex5\warping.h(219): warning C4244: “初始化”: 从“double”转换到“int”，可能丢失数据
       Link:
         D:\Program Files (x86)\Microsoft Visual Studio 12.0\VC\bin\link.exe /ERRORREPORT:PROMPT /OUT:"E:\KC的备份\A-学习\大三第二学期\计算机视觉与模式识别\homework\EX5\code\EX5\Debug\EX5.exe" /INCREMENTAL /NOLOGO kernel32.lib user32.lib gdi32.lib winspool.lib comdlg32.lib advapi32.lib shell32.lib ole32.lib oleaut32.lib uuid.lib odbc32.lib odbccp32.lib /MANIFEST /MANIFESTUAC:"level='asInvoker' uiAccess='false'" /manifest:embed /DEBUG /PDB:"E:\KC的备份\A-学习\大三第二学期\计算机视觉与模式识别\homework\EX5\code\EX5\Debug\EX5.pdb" /SUBSYSTEM:CONSOLE /TLBID:1 /DYNAMICBASE /NXCOMPAT /IMPLIB:"E:\KC的备份\A-学习\大三第二学期\计算机视觉与模式识别\homework\EX5\code\EX5\Debug\EX5.lib" /MACHINE:X86 Debug\EX5.obj
         Debug\stdafx.obj
         Debug\voting.obj
         EX5.vcxproj -> E:\KC的备份\A-学习\大三第二学期\计算机视觉与模式识别\homework\EX5\code\EX5\Debug\EX5.exe
     1>已完成生成项目“E:\KC的备份\A-学习\大三第二学期\计算机视觉与模式识别\homework\EX5\code\EX5\EX5\EX5.vcxproj”(Build 个目标)的操作。

生成成功。

已用时间 00:00:14.15
